#
# A fatal error has been detected by the Java Runtime Environment:
#
#  SIGSEGV (0xb) at pc=0x00007f349a290204, pid=20204, tid=139863318808320
#
# JRE version: Java(TM) SE Runtime Environment (8.0_60-b27) (build 1.8.0_60-b27)
# Java VM: Java HotSpot(TM) 64-Bit Server VM (25.60-b23 mixed mode linux-amd64 compressed oops)
# Problematic frame:
# C  [libjdwp.so+0x27204]  jvmtiAllocate+0x34
#
# Failed to write core dump. Core dumps have been disabled. To enable core dumping, try "ulimit -c unlimited" before starting Java again
#
# If you would like to submit a bug report, please visit:
#   http://bugreport.java.com/bugreport/crash.jsp
# The crash happened outside the Java Virtual Machine in native code.
# See problematic frame for where to report the bug.
#

---------------  T H R E A D  ---------------

Current thread (0x00007f3454001000):  JavaThread "JDWP Command Reader" daemon [_thread_in_native, id=20225, stack(0x00007f34775f4000,0x00007f34776f5000)]

siginfo: si_signo: 11 (SIGSEGV), si_code: 1 (SEGV_MAPERR), si_addr: 0x0000000000000000

Registers:
RAX=0x00007f349a4a26e0, RBX=0x00000000000000ca, RCX=0x0000000000000029, RDX=0x00007f34776f38f0
RSP=0x00007f34776f38d0, RBP=0x00007f34776f3900, RSI=0x0000000000000029, RDI=0x0000000000000000
R8 =0x000000000000000e, R9 =0x0000000000000000, R10=0x00000000000000e3, R11=0x00007f349c5af350
R12=0x00007f34778f99f1, R13=0x00007f34776f3910, R14=0x00000000000003d8, R15=0x00007f3454001d88
RIP=0x00007f349a290204, EFLAGS=0x0000000000010202, CSGSFS=0x0000000000000033, ERR=0x0000000000000004
  TRAPNO=0x000000000000000e

Top of Stack: (sp=0x00007f34776f38d0)
0x00007f34776f38d0:   0000000000000000 000000000000000b
0x00007f34776f38e0:   0000000000000002 000000000000000e
0x00007f34776f38f0:   0000000000000000 00000000000000ca
0x00007f34776f3900:   00007f34776f3a30 00007f34778f8449
0x00007f34776f3910:   7474697263736544 662069642065726f
0x00007f34776f3920:   6172726520656c69 0000000000006f74
0x00007f34776f3930:   0000000000000000 0000000000000000
0x00007f34776f3940:   0000000000000000 0000000000000000
0x00007f34776f3950:   0000000000000000 0000000000000000
0x00007f34776f3960:   0000000000000000 0000000000000000
0x00007f34776f3970:   0000000000000000 0000000000000000
0x00007f34776f3980:   0000000000000000 0000000000000000
0x00007f34776f3990:   0000000000000000 0000000000000000
0x00007f34776f39a0:   0000000000000000 0000000000000000
0x00007f34776f39b0:   0000000000000000 0000000000000000
0x00007f34776f39c0:   0000000000000000 0000000000000000
0x00007f34776f39d0:   0000000000000000 0000000000000000
0x00007f34776f39e0:   0000000000000000 0000000000000000
0x00007f34776f39f0:   0000000000000000 0000000000000000
